Build started 11/11/2019 12:57:19.
     1>Project "Y:\Desktop\OpenGL Projects\Coursework\OpenGL_CW01_17123437\gldemo.vcxproj" on node 2 (Build target(s)).
     1>ClCompile:
         C:\Program Files (x86)\Microsoft Visual Studio 12.0\VC\bin\CL.exe /c /ZI /nologo /W3 /WX- /sdl /Od /Oy- /D WIN32 /D _DEBUG /D _CONSOLE /D _LIB /D _UNICODE /D UNICODE /Gm /EHsc /RTC1 /MDd /GS /fp:precise /Zc:wchar_t /Zc:forScope /Yu"stdafx.h" /Fp"Debug\gldemo.pch" /Fo"Debug\\" /Fd"Debug\vc120.pdb" /Gd /TP /analyze- /errorReport:prompt Shape.cpp
         Shape.cpp
     1>y:\desktop\opengl projects\coursework\opengl_cw01_17123437\shape.cpp(1): warning C4627: '#include "Shape.h"': skipped when looking for precompiled header use
                 Add directive to 'stdafx.h' or rebuild precompiled header
     1>y:\desktop\opengl projects\coursework\opengl_cw01_17123437\shape.cpp(5): fatal error C1010: unexpected end of file while looking for precompiled header. Did you forget to add '#include "stdafx.h"' to your source?
     1>Done Building Project "Y:\Desktop\OpenGL Projects\Coursework\OpenGL_CW01_17123437\gldemo.vcxproj" (Build target(s)) -- FAILED.

Build FAILED.

Time Elapsed 00:00:00.43
